TN:
SF:src/App.vue
FN:60,render
FN:65,(anonymous_1)
FN:68,(anonymous_2)
FNF:3
FNH:0
FNDA:0,render
FNDA:0,(anonymous_1)
FNDA:0,(anonymous_2)
DA:4,0
DA:5,0
DA:8,0
DA:50,0
DA:52,0
DA:55,0
DA:56,0
DA:57,0
DA:61,0
DA:62,0
DA:63,0
DA:64,0
DA:65,0
DA:68,0
DA:70,0
LF:15
LH:0
BRDA:65,0,0,0
BRDA:65,0,1,0
BRDA:66,1,0,0
BRDA:66,1,1,0
BRDA:68,2,0,0
BRDA:68,2,1,0
BRF:6
BRH:0
end_of_record
TN:
SF:src/components/Cart.vue
FN:271,render
FN:274,(anonymous_1)
FN:278,(anonymous_2)
FN:283,(anonymous_3)
FN:286,(anonymous_4)
FN:290,(anonymous_5)
FNF:6
FNH:0
FNDA:0,render
FNDA:0,(anonymous_1)
FNDA:0,(anonymous_2)
FNDA:0,(anonymous_3)
FNDA:0,(anonymous_4)
FNDA:0,(anonymous_5)
DA:4,0
DA:5,0
DA:8,0
DA:252,0
DA:255,0
DA:256,0
DA:257,0
DA:260,0
DA:263,0
DA:264,0
DA:268,0
DA:272,0
DA:275,0
DA:278,0
DA:283,0
DA:286,0
DA:290,0
DA:297,0
LF:18
LH:0
BRDA:272,0,0,0
BRDA:272,0,1,0
BRDA:272,1,0,0
BRDA:272,1,1,0
BRDA:272,2,0,0
BRDA:272,2,1,0
BRDA:274,3,0,0
BRDA:274,3,1,0
BRDA:282,4,0,0
BRDA:282,4,1,0
BRDA:282,5,0,0
BRDA:282,5,1,0
BRDA:283,6,0,0
BRDA:283,6,1,0
BRDA:286,7,0,0
BRDA:286,7,1,0
BRDA:290,8,0,0
BRDA:290,8,1,0
BRF:18
BRH:0
end_of_record
TN:
SF:src/components/Comentarios.vue
FN:221,render
FN:227,(anonymous_1)
FN:231,(anonymous_2)
FN:241,(anonymous_3)
FN:244,(anonymous_4)
FN:248,(anonymous_5)
FN:257,(anonymous_6)
FNF:7
FNH:0
FNDA:0,render
FNDA:0,(anonymous_1)
FNDA:0,(anonymous_2)
FNDA:0,(anonymous_3)
FNDA:0,(anonymous_4)
FNDA:0,(anonymous_5)
FNDA:0,(anonymous_6)
DA:4,0
DA:5,0
DA:8,0
DA:178,0
DA:180,0
DA:183,0
DA:184,0
DA:185,0
DA:188,0
DA:191,0
DA:194,0
DA:198,0
DA:201,0
DA:205,0
DA:209,0
DA:213,0
DA:216,0
DA:217,0
DA:222,0
DA:223,0
DA:224,0
DA:227,0
DA:232,0
DA:241,0
DA:244,0
DA:248,0
DA:257,0
DA:262,0
LF:28
LH:0
BRDA:224,0,0,0
BRDA:224,0,1,0
BRDA:224,1,0,0
BRDA:224,1,1,0
BRDA:224,2,0,0
BRDA:224,2,1,0
BRDA:226,3,0,0
BRDA:226,3,1,0
BRDA:227,4,0,0
BRDA:227,4,1,0
BRDA:227,5,0,0
BRDA:227,5,1,0
BRDA:229,6,0,0
BRDA:229,6,1,0
BRDA:231,7,0,0
BRDA:231,7,1,0
BRDA:238,8,0,0
BRDA:238,8,1,0
BRDA:240,9,0,0
BRDA:240,9,1,0
BRDA:241,10,0,0
BRDA:241,10,1,0
BRDA:244,11,0,0
BRDA:244,11,1,0
BRDA:244,12,0,0
BRDA:244,12,1,0
BRDA:245,13,0,0
BRDA:245,13,1,0
BRDA:248,14,0,0
BRDA:248,14,1,0
BRDA:248,15,0,0
BRDA:248,15,1,0
BRDA:251,16,0,0
BRDA:251,16,1,0
BRDA:253,17,0,0
BRDA:253,17,1,0
BRDA:257,18,0,0
BRDA:257,18,1,0
BRF:38
BRH:0
end_of_record
TN:
SF:src/components/CommentItem.vue
FN:21,(anonymous_0)
FN:23,(anonymous_1)
FN:27,(anonymous_2)
FN:28,(anonymous_3)
FN:67,render
FN:70,(anonymous_5)
FN:74,(anonymous_6)
FN:79,(anonymous_7)
FNF:8
FNH:0
FNDA:0,(anonymous_0)
FNDA:0,(anonymous_1)
FNDA:0,(anonymous_2)
FNDA:0,(anonymous_3)
FNDA:0,render
FNDA:0,(anonymous_5)
FNDA:0,(anonymous_6)
FNDA:0,(anonymous_7)
DA:4,0
DA:7,0
DA:8,0
DA:22,0
DA:23,0
DA:28,0
DA:32,0
DA:34,0
DA:37,0
DA:38,0
DA:39,0
DA:42,0
DA:45,0
DA:48,0
DA:51,0
DA:54,0
DA:57,0
DA:60,0
DA:63,0
DA:68,0
DA:69,0
DA:70,0
DA:75,0
DA:79,0
DA:82,0
LF:25
LH:0
BRDA:22,0,0,0
BRDA:22,0,1,0
BRDA:28,1,0,0
BRDA:28,1,1,0
BRDA:69,2,0,0
BRDA:69,2,1,0
BRDA:69,3,0,0
BRDA:69,3,1,0
BRDA:70,4,0,0
BRDA:70,4,1,0
BRDA:72,5,0,0
BRDA:72,5,1,0
BRDA:74,6,0,0
BRDA:74,6,1,0
BRDA:79,7,0,0
BRDA:79,7,1,0
BRF:16
BRH:0
end_of_record
TN:
SF:src/components/Footer.vue
FN:11,render
FNF:1
FNH:0
FNDA:0,render
DA:3,0
DA:6,0
DA:7,0
DA:8,0
DA:12,0
DA:13,0
LF:6
LH:0
BRDA:12,0,0,0
BRDA:12,0,1,0
BRF:2
BRH:0
end_of_record
TN:
SF:src/components/Header.vue
FN:122,render
FN:132,(anonymous_1)
FN:138,(anonymous_2)
FN:144,(anonymous_3)
FN:150,(anonymous_4)
FN:157,(anonymous_5)
FN:164,(anonymous_6)
FN:167,(anonymous_7)
FN:173,(anonymous_8)
FN:178,(anonymous_9)
FN:186,(anonymous_10)
FN:189,(anonymous_11)
FN:196,(anonymous_12)
FN:203,(anonymous_13)
FN:206,(anonymous_14)
FN:217,(anonymous_15)
FN:222,(anonymous_16)
FN:234,(anonymous_17)
FNF:18
FNH:0
FNDA:0,render
FNDA:0,(anonymous_1)
FNDA:0,(anonymous_2)
FNDA:0,(anonymous_3)
FNDA:0,(anonymous_4)
FNDA:0,(anonymous_5)
FNDA:0,(anonymous_6)
FNDA:0,(anonymous_7)
FNDA:0,(anonymous_8)
FNDA:0,(anonymous_9)
FNDA:0,(anonymous_10)
FNDA:0,(anonymous_11)
FNDA:0,(anonymous_12)
FNDA:0,(anonymous_13)
FNDA:0,(anonymous_14)
FNDA:0,(anonymous_15)
FNDA:0,(anonymous_16)
FNDA:0,(anonymous_17)
DA:4,0
DA:7,0
DA:91,0
DA:93,0
DA:94,0
DA:97,0
DA:98,0
DA:99,0
DA:100,0
DA:103,0
DA:106,0
DA:109,0
DA:112,0
DA:116,0
DA:123,0
DA:124,0
DA:132,0
DA:138,0
DA:144,0
DA:150,0
DA:157,0
DA:164,0
DA:167,0
DA:173,0
DA:178,0
DA:186,0
DA:189,0
DA:196,0
DA:203,0
DA:207,0
DA:208,0
DA:217,0
DA:223,0
DA:224,0
DA:234,0
DA:237,0
LF:36
LH:0
BRDA:124,0,0,0
BRDA:124,0,1,0
BRDA:132,1,0,0
BRDA:132,1,1,0
BRDA:138,2,0,0
BRDA:138,2,1,0
BRDA:144,3,0,0
BRDA:144,3,1,0
BRDA:150,4,0,0
BRDA:150,4,1,0
BRDA:152,5,0,0
BRDA:152,5,1,0
BRDA:152,6,0,0
BRDA:152,6,1,0
BRDA:157,7,0,0
BRDA:157,7,1,0
BRDA:159,8,0,0
BRDA:159,8,1,0
BRDA:159,9,0,0
BRDA:159,9,1,0
BRDA:164,10,0,0
BRDA:164,10,1,0
BRDA:167,11,0,0
BRDA:167,11,1,0
BRDA:167,12,0,0
BRDA:167,12,1,0
BRDA:173,13,0,0
BRDA:173,13,1,0
BRDA:175,14,0,0
BRDA:175,14,1,0
BRDA:178,15,0,0
BRDA:178,15,1,0
BRDA:178,16,0,0
BRDA:178,16,1,0
BRDA:186,17,0,0
BRDA:186,17,1,0
BRDA:189,18,0,0
BRDA:189,18,1,0
BRDA:189,19,0,0
BRDA:189,19,1,0
BRDA:191,20,0,0
BRDA:191,20,1,0
BRDA:196,21,0,0
BRDA:196,21,1,0
BRDA:203,22,0,0
BRDA:203,22,1,0
BRDA:206,23,0,0
BRDA:206,23,1,0
BRDA:211,24,0,0
BRDA:211,24,1,0
BRDA:211,25,0,0
BRDA:211,25,1,0
BRDA:217,26,0,0
BRDA:217,26,1,0
BRDA:219,27,0,0
BRDA:219,27,1,0
BRDA:222,28,0,0
BRDA:222,28,1,0
BRDA:234,29,0,0
BRDA:234,29,1,0
BRF:60
BRH:0
end_of_record
TN:
SF:src/components/PortSelector.vue
FN:124,render
FN:133,(anonymous_1)
FN:143,(anonymous_2)
FN:151,(anonymous_3)
FN:156,(anonymous_4)
FNF:5
FNH:0
FNDA:0,render
FNDA:0,(anonymous_1)
FNDA:0,(anonymous_2)
FNDA:0,(anonymous_3)
FNDA:0,(anonymous_4)
DA:4,0
DA:5,0
DA:8,0
DA:83,0
DA:85,0
DA:88,0
DA:89,0
DA:90,0
DA:94,0
DA:97,0
DA:100,0
DA:103,0
DA:106,0
DA:109,0
DA:112,0
DA:115,0
DA:118,0
DA:121,0
DA:125,0
DA:133,0
DA:143,0
DA:151,0
DA:156,0
DA:159,0
LF:24
LH:0
BRDA:125,0,0,0
BRDA:125,0,1,0
BRDA:125,1,0,0
BRDA:125,1,1,0
BRDA:127,2,0,0
BRDA:127,2,1,0
BRDA:129,3,0,0
BRDA:129,3,1,0
BRDA:133,4,0,0
BRDA:133,4,1,0
BRDA:137,5,0,0
BRDA:137,5,1,0
BRDA:139,6,0,0
BRDA:139,6,1,0
BRDA:143,7,0,0
BRDA:143,7,1,0
BRDA:147,8,0,0
BRDA:147,8,1,0
BRDA:151,9,0,0
BRDA:151,9,1,0
BRDA:153,10,0,0
BRDA:153,10,1,0
BRDA:156,11,0,0
BRDA:156,11,1,0
BRDA:156,12,0,0
BRDA:156,12,1,0
BRF:26
BRH:0
end_of_record
TN:
SF:src/components/Receta.vue
FN:168,render
FN:182,(anonymous_1)
FN:191,(anonymous_2)
FN:200,(anonymous_3)
FN:208,(anonymous_4)
FN:217,(anonymous_5)
FN:226,(anonymous_6)
FN:234,(anonymous_7)
FNF:8
FNH:0
FNDA:0,render
FNDA:0,(anonymous_1)
FNDA:0,(anonymous_2)
FNDA:0,(anonymous_3)
FNDA:0,(anonymous_4)
FNDA:0,(anonymous_5)
FNDA:0,(anonymous_6)
FNDA:0,(anonymous_7)
DA:4,0
DA:7,0
DA:113,0
DA:114,0
DA:117,0
DA:118,0
DA:119,0
DA:120,0
DA:123,0
DA:126,0
DA:129,0
DA:132,0
DA:135,0
DA:138,0
DA:141,0
DA:144,0
DA:147,0
DA:150,0
DA:153,0
DA:156,0
DA:159,0
DA:162,0
DA:165,0
DA:169,0
DA:182,0
DA:191,0
DA:200,0
DA:208,0
DA:217,0
DA:226,0
DA:234,0
DA:244,0
LF:32
LH:0
BRDA:169,0,0,0
BRDA:169,0,1,0
BRDA:171,1,0,0
BRDA:171,1,1,0
BRDA:177,2,0,0
BRDA:177,2,1,0
BRDA:182,3,0,0
BRDA:182,3,1,0
BRDA:184,4,0,0
BRDA:184,4,1,0
BRDA:186,5,0,0
BRDA:186,5,1,0
BRDA:188,6,0,0
BRDA:188,6,1,0
BRDA:191,7,0,0
BRDA:191,7,1,0
BRDA:193,8,0,0
BRDA:193,8,1,0
BRDA:195,9,0,0
BRDA:195,9,1,0
BRDA:200,10,0,0
BRDA:200,10,1,0
BRDA:201,11,0,0
BRDA:201,11,1,0
BRDA:203,12,0,0
BRDA:203,12,1,0
BRDA:208,13,0,0
BRDA:208,13,1,0
BRDA:210,14,0,0
BRDA:210,14,1,0
BRDA:212,15,0,0
BRDA:212,15,1,0
BRDA:217,16,0,0
BRDA:217,16,1,0
BRDA:219,17,0,0
BRDA:219,17,1,0
BRDA:221,18,0,0
BRDA:221,18,1,0
BRDA:226,19,0,0
BRDA:226,19,1,0
BRDA:228,20,0,0
BRDA:228,20,1,0
BRDA:230,21,0,0
BRDA:230,21,1,0
BRDA:234,22,0,0
BRDA:234,22,1,0
BRDA:238,23,0,0
BRDA:238,23,1,0
BRDA:240,24,0,0
BRDA:240,24,1,0
BRF:50
BRH:0
end_of_record
TN:
SF:src/components/button-comp.vue
FN:47,render
FN:49,(anonymous_1)
FNF:2
FNH:0
FNDA:0,render
FNDA:0,(anonymous_1)
DA:4,0
DA:7,0
DA:42,0
DA:45,0
DA:46,0
DA:48,0
DA:49,0
DA:51,0
LF:8
LH:0
BRDA:49,0,0,0
BRDA:49,0,1,0
BRF:2
BRH:0
end_of_record
TN:
SF:src/components/search.vue
FN:139,render
FN:157,(anonymous_1)
FN:164,(anonymous_2)
FNF:3
FNH:0
FNDA:0,render
FNDA:0,(anonymous_1)
FNDA:0,(anonymous_2)
DA:4,0
DA:7,0
DA:114,0
DA:117,0
DA:118,0
DA:119,0
DA:122,0
DA:125,0
DA:129,0
DA:132,0
DA:135,0
DA:136,0
DA:140,0
DA:158,0
DA:164,0
DA:167,0
LF:16
LH:0
BRDA:140,0,0,0
BRDA:140,0,1,0
BRDA:155,1,0,0
BRDA:155,1,1,0
BRDA:155,2,0,0
BRDA:155,2,1,0
BRF:6
BRH:0
end_of_record
TN:
SF:src/pages/AdminDash.vue
FN:930,render
FN:968,(anonymous_1)
FN:990,(anonymous_2)
FNF:3
FNH:0
FNDA:0,render
FNDA:0,(anonymous_1)
FNDA:0,(anonymous_2)
DA:4,0
DA:5,0
DA:8,0
DA:804,0
DA:807,0
DA:808,0
DA:809,0
DA:812,0
DA:815,0
DA:818,0
DA:821,0
DA:824,0
DA:825,0
DA:828,0
DA:831,0
DA:835,0
DA:839,0
DA:843,0
DA:846,0
DA:849,0
DA:852,0
DA:855,0
DA:858,0
DA:861,0
DA:864,0
DA:867,0
DA:870,0
DA:873,0
DA:877,0
DA:880,0
DA:883,0
DA:886,0
DA:890,0
DA:893,0
DA:896,0
DA:900,0
DA:903,0
DA:906,0
DA:909,0
DA:912,0
DA:915,0
DA:918,0
DA:921,0
DA:924,0
DA:927,0
DA:931,0
DA:932,0
DA:969,0
DA:991,0
DA:996,0
LF:50
LH:0
BRDA:932,0,0,0
BRDA:932,0,1,0
BRDA:934,1,0,0
BRDA:934,1,1,0
BRDA:936,2,0,0
BRDA:936,2,1,0
BRDA:938,3,0,0
BRDA:938,3,1,0
BRDA:942,4,0,0
BRDA:942,4,1,0
BRDA:942,5,0,0
BRDA:942,5,1,0
BRDA:944,6,0,0
BRDA:944,6,1,0
BRDA:946,7,0,0
BRDA:946,7,1,0
BRDA:946,8,0,0
BRDA:946,8,1,0
BRDA:946,9,0,0
BRDA:946,9,1,0
BRDA:946,10,0,0
BRDA:946,10,1,0
BRDA:948,11,0,0
BRDA:948,11,1,0
BRDA:950,12,0,0
BRDA:950,12,1,0
BRDA:952,13,0,0
BRDA:952,13,1,0
BRDA:954,14,0,0
BRDA:954,14,1,0
BRDA:956,15,0,0
BRDA:956,15,1,0
BRDA:958,16,0,0
BRDA:958,16,1,0
BRDA:958,17,0,0
BRDA:958,17,1,0
BRDA:962,18,0,0
BRDA:962,18,1,0
BRDA:968,19,0,0
BRDA:968,19,1,0
BRDA:978,20,0,0
BRDA:978,20,1,0
BRDA:984,21,0,0
BRDA:984,21,1,0
BRDA:984,22,0,0
BRDA:984,22,1,0
BRDA:984,23,0,0
BRDA:984,23,1,0
BRF:48
BRH:0
end_of_record
TN:
SF:src/pages/Aseguradoras.vue
FN:77,render
FN:80,(anonymous_1)
FNF:2
FNH:0
FNDA:0,render
FNDA:0,(anonymous_1)
DA:4,0
DA:7,0
DA:59,0
DA:62,0
DA:63,0
DA:64,0
DA:67,0
DA:70,0
DA:71,0
DA:74,0
DA:78,0
DA:81,0
DA:90,0
LF:13
LH:0
BRDA:78,0,0,0
BRDA:78,0,1,0
BRF:2
BRH:0
end_of_record
TN:
SF:src/pages/Catalogo.vue
FN:264,render
FN:276,(anonymous_1)
FN:281,(anonymous_2)
FN:286,(anonymous_3)
FN:291,(anonymous_4)
FN:300,(anonymous_5)
FN:305,(anonymous_6)
FN:311,(anonymous_7)
FN:318,(anonymous_8)
FN:340,(anonymous_9)
FNF:10
FNH:0
FNDA:0,render
FNDA:0,(anonymous_1)
FNDA:0,(anonymous_2)
FNDA:0,(anonymous_3)
FNDA:0,(anonymous_4)
FNDA:0,(anonymous_5)
FNDA:0,(anonymous_6)
FNDA:0,(anonymous_7)
FNDA:0,(anonymous_8)
FNDA:0,(anonymous_9)
DA:4,0
DA:5,0
DA:8,0
DA:171,0
DA:174,0
DA:175,0
DA:176,0
DA:179,0
DA:182,0
DA:185,0
DA:188,0
DA:191,0
DA:194,0
DA:197,0
DA:201,0
DA:204,0
DA:207,0
DA:210,0
DA:213,0
DA:214,0
DA:218,0
DA:221,0
DA:224,0
DA:227,0
DA:230,0
DA:233,0
DA:237,0
DA:240,0
DA:243,0
DA:246,0
DA:249,0
DA:252,0
DA:255,0
DA:258,0
DA:261,0
DA:265,0
DA:266,0
DA:276,0
DA:281,0
DA:286,0
DA:291,0
DA:300,0
DA:306,0
DA:311,0
DA:318,0
DA:340,0
DA:343,0
LF:47
LH:0
BRDA:266,0,0,0
BRDA:266,0,1,0
BRDA:272,1,0,0
BRDA:272,1,1,0
BRDA:276,2,0,0
BRDA:276,2,1,0
BRDA:281,3,0,0
BRDA:281,3,1,0
BRDA:286,4,0,0
BRDA:286,4,1,0
BRDA:291,5,0,0
BRDA:291,5,1,0
BRDA:296,6,0,0
BRDA:296,6,1,0
BRDA:300,7,0,0
BRDA:300,7,1,0
BRDA:309,8,0,0
BRDA:309,8,1,0
BRDA:312,9,0,0
BRDA:312,9,1,0
BRDA:318,10,0,0
BRDA:318,10,1,0
BRDA:323,11,0,0
BRDA:323,11,1,0
BRDA:323,12,0,0
BRDA:323,12,1,0
BRDA:325,13,0,0
BRDA:325,13,1,0
BRDA:332,14,0,0
BRDA:332,14,1,0
BRDA:332,15,0,0
BRDA:332,15,1,0
BRDA:332,16,0,0
BRDA:332,16,1,0
BRDA:332,17,0,0
BRDA:332,17,1,0
BRDA:332,18,0,0
BRDA:332,18,1,0
BRDA:332,19,0,0
BRDA:332,19,1,0
BRDA:332,20,0,0
BRDA:332,20,1,0
BRDA:332,21,0,0
BRDA:332,21,1,0
BRDA:332,22,0,0
BRDA:332,22,1,0
BRDA:332,23,0,0
BRDA:332,23,1,0
BRDA:332,24,0,0
BRDA:332,24,1,0
BRDA:336,25,0,0
BRDA:336,25,1,0
BRDA:336,26,0,0
BRDA:336,26,1,0
BRDA:340,27,0,0
BRDA:340,27,1,0
BRF:56
BRH:0
end_of_record
TN:
SF:src/pages/CreateProduct.vue
FN:254,render
FN:262,(anonymous_1)
FN:269,(anonymous_2)
FN:276,(anonymous_3)
FN:282,(anonymous_4)
FN:289,(anonymous_5)
FN:296,(anonymous_6)
FN:303,(anonymous_7)
FN:310,(anonymous_8)
FN:318,(anonymous_9)
FN:323,(anonymous_10)
FN:331,(anonymous_11)
FN:340,(anonymous_12)
FNF:13
FNH:0
FNDA:0,render
FNDA:0,(anonymous_1)
FNDA:0,(anonymous_2)
FNDA:0,(anonymous_3)
FNDA:0,(anonymous_4)
FNDA:0,(anonymous_5)
FNDA:0,(anonymous_6)
FNDA:0,(anonymous_7)
FNDA:0,(anonymous_8)
FNDA:0,(anonymous_9)
FNDA:0,(anonymous_10)
FNDA:0,(anonymous_11)
FNDA:0,(anonymous_12)
DA:4,0
DA:5,0
DA:8,0
DA:202,0
DA:205,0
DA:206,0
DA:207,0
DA:210,0
DA:214,0
DA:217,0
DA:220,0
DA:223,0
DA:226,0
DA:229,0
DA:232,0
DA:235,0
DA:238,0
DA:241,0
DA:244,0
DA:247,0
DA:251,0
DA:255,0
DA:262,0
DA:269,0
DA:276,0
DA:282,0
DA:289,0
DA:296,0
DA:303,0
DA:310,0
DA:318,0
DA:323,0
DA:331,0
DA:340,0
DA:342,0
LF:35
LH:0
BRDA:255,0,0,0
BRDA:255,0,1,0
BRDA:257,1,0,0
BRDA:257,1,1,0
BRDA:259,2,0,0
BRDA:259,2,1,0
BRDA:262,3,0,0
BRDA:262,3,1,0
BRDA:266,4,0,0
BRDA:266,4,1,0
BRDA:269,5,0,0
BRDA:269,5,1,0
BRDA:273,6,0,0
BRDA:273,6,1,0
BRDA:276,7,0,0
BRDA:276,7,1,0
BRDA:279,8,0,0
BRDA:279,8,1,0
BRDA:282,9,0,0
BRDA:282,9,1,0
BRDA:286,10,0,0
BRDA:286,10,1,0
BRDA:289,11,0,0
BRDA:289,11,1,0
BRDA:293,12,0,0
BRDA:293,12,1,0
BRDA:296,13,0,0
BRDA:296,13,1,0
BRDA:300,14,0,0
BRDA:300,14,1,0
BRDA:303,15,0,0
BRDA:303,15,1,0
BRDA:307,16,0,0
BRDA:307,16,1,0
BRDA:310,17,0,0
BRDA:310,17,1,0
BRDA:314,18,0,0
BRDA:314,18,1,0
BRDA:318,19,0,0
BRDA:318,19,1,0
BRDA:320,20,0,0
BRDA:320,20,1,0
BRDA:323,21,0,0
BRDA:323,21,1,0
BRDA:328,22,0,0
BRDA:328,22,1,0
BRDA:331,23,0,0
BRDA:331,23,1,0
BRDA:335,24,0,0
BRDA:335,24,1,0
BRDA:338,25,0,0
BRDA:338,25,1,0
BRDA:340,26,0,0
BRDA:340,26,1,0
BRDA:341,27,0,0
BRDA:341,27,1,0
BRF:56
BRH:0
end_of_record
TN:
SF:src/pages/Dashboard.vue
FN:82,render
FNF:1
FNH:0
FNDA:0,render
DA:4,0
DA:7,0
DA:68,0
DA:71,0
DA:72,0
DA:73,0
DA:76,0
DA:79,0
DA:83,0
DA:84,0
LF:10
LH:0
BRDA:83,0,0,0
BRDA:83,0,1,0
BRDA:83,1,0,0
BRDA:83,1,1,0
BRDA:83,2,0,0
BRDA:83,2,1,0
BRDA:83,3,0,0
BRDA:83,3,1,0
BRDA:83,4,0,0
BRDA:83,4,1,0
BRF:10
BRH:0
end_of_record
TN:
SF:src/pages/DetalleReceta.vue
FN:284,render
FN:306,(anonymous_1)
FNF:2
FNH:0
FNDA:0,render
FNDA:0,(anonymous_1)
DA:4,0
DA:5,0
DA:8,0
DA:207,0
DA:210,0
DA:211,0
DA:212,0
DA:215,0
DA:219,0
DA:222,0
DA:225,0
DA:228,0
DA:231,0
DA:234,0
DA:237,0
DA:240,0
DA:243,0
DA:246,0
DA:249,0
DA:252,0
DA:255,0
DA:258,0
DA:261,0
DA:264,0
DA:267,0
DA:270,0
DA:273,0
DA:277,0
DA:281,0
DA:285,0
DA:307,0
DA:318,0
LF:32
LH:0
BRDA:285,0,0,0
BRDA:285,0,1,0
BRDA:287,1,0,0
BRDA:287,1,1,0
BRDA:287,2,0,0
BRDA:287,2,1,0
BRDA:289,3,0,0
BRDA:289,3,1,0
BRDA:291,4,0,0
BRDA:291,4,1,0
BRDA:296,5,0,0
BRDA:296,5,1,0
BRDA:296,6,0,0
BRDA:296,6,1,0
BRDA:298,7,0,0
BRDA:298,7,1,0
BRDA:300,8,0,0
BRDA:300,8,1,0
BRDA:302,9,0,0
BRDA:302,9,1,0
BRDA:304,10,0,0
BRDA:304,10,1,0
BRDA:306,11,0,0
BRDA:306,11,1,0
BRDA:306,12,0,0
BRDA:306,12,1,0
BRDA:306,13,0,0
BRDA:306,13,1,0
BRDA:306,14,0,0
BRDA:306,14,1,0
BRDA:313,15,0,0
BRDA:313,15,1,0
BRF:32
BRH:0
end_of_record
TN:
SF:src/pages/Home.vue
FN:185,render
FN:199,(anonymous_1)
FN:212,(anonymous_2)
FNF:3
FNH:0
FNDA:0,render
FNDA:0,(anonymous_1)
FNDA:0,(anonymous_2)
DA:4,0
DA:5,0
DA:8,0
DA:154,0
DA:157,0
DA:158,0
DA:159,0
DA:162,0
DA:165,0
DA:168,0
DA:171,0
DA:174,0
DA:175,0
DA:178,0
DA:181,0
DA:182,0
DA:186,0
DA:187,0
DA:199,0
DA:213,0
DA:222,0
LF:21
LH:0
BRDA:187,0,0,0
BRDA:187,0,1,0
BRDA:195,1,0,0
BRDA:195,1,1,0
BRDA:199,2,0,0
BRDA:199,2,1,0
BRDA:201,3,0,0
BRDA:201,3,1,0
BRDA:201,4,0,0
BRDA:201,4,1,0
BRDA:210,5,0,0
BRDA:210,5,1,0
BRF:12
BRH:0
end_of_record
TN:
SF:src/pages/Login.vue
FN:221,render
FN:234,(anonymous_1)
FN:238,(anonymous_2)
FN:247,(anonymous_3)
FN:260,(anonymous_4)
FN:264,(anonymous_5)
FNF:6
FNH:0
FNDA:0,render
FNDA:0,(anonymous_1)
FNDA:0,(anonymous_2)
FNDA:0,(anonymous_3)
FNDA:0,(anonymous_4)
FNDA:0,(anonymous_5)
DA:4,0
DA:5,0
DA:8,0
DA:182,0
DA:183,0
DA:186,0
DA:187,0
DA:188,0
DA:189,0
DA:192,0
DA:195,0
DA:199,0
DA:202,0
DA:205,0
DA:208,0
DA:211,0
DA:214,0
DA:218,0
DA:222,0
DA:223,0
DA:234,0
DA:238,0
DA:247,0
DA:260,0
DA:264,0
DA:266,0
LF:26
LH:0
BRDA:223,0,0,0
BRDA:223,0,1,0
BRDA:225,1,0,0
BRDA:225,1,1,0
BRDA:231,2,0,0
BRDA:231,2,1,0
BRDA:233,3,0,0
BRDA:233,3,1,0
BRDA:234,4,0,0
BRDA:234,4,1,0
BRDA:235,5,0,0
BRDA:235,5,1,0
BRDA:238,6,0,0
BRDA:238,6,1,0
BRDA:242,7,0,0
BRDA:242,7,1,0
BRDA:244,8,0,0
BRDA:244,8,1,0
BRDA:247,9,0,0
BRDA:247,9,1,0
BRDA:251,10,0,0
BRDA:251,10,1,0
BRDA:253,11,0,0
BRDA:253,11,1,0
BRDA:260,12,0,0
BRDA:260,12,1,0
BRDA:262,13,0,0
BRDA:262,13,1,0
BRDA:264,14,0,0
BRDA:264,14,1,0
BRF:30
BRH:0
end_of_record
TN:
SF:src/pages/Ofertas.vue
FN:10,(anonymous_0)
FN:53,(anonymous_1)
FN:58,(anonymous_2)
FN:102,render
FN:104,(anonymous_4)
FN:113,(anonymous_5)
FN:118,(anonymous_6)
FN:123,(anonymous_7)
FN:124,(anonymous_8)
FN:135,(anonymous_9)
FNF:10
FNH:0
FNDA:0,(anonymous_0)
FNDA:0,(anonymous_1)
FNDA:0,(anonymous_2)
FNDA:0,render
FNDA:0,(anonymous_4)
FNDA:0,(anonymous_5)
FNDA:0,(anonymous_6)
FNDA:0,(anonymous_7)
FNDA:0,(anonymous_8)
FNDA:0,(anonymous_9)
DA:4,0
DA:7,0
DA:8,0
DA:11,0
DA:54,0
DA:55,0
DA:59,0
DA:60,0
DA:64,0
DA:66,0
DA:69,0
DA:70,0
DA:71,0
DA:74,0
DA:77,0
DA:78,0
DA:81,0
DA:84,0
DA:85,0
DA:89,0
DA:92,0
DA:95,0
DA:98,0
DA:99,0
DA:103,0
DA:104,0
DA:105,0
DA:113,0
DA:118,0
DA:123,0
DA:125,0
DA:135,0
DA:138,0
LF:33
LH:0
BRDA:104,0,0,0
BRDA:104,0,1,0
BRDA:118,1,0,0
BRDA:118,1,1,0
BRDA:121,2,0,0
BRDA:121,2,1,0
BRDA:123,3,0,0
BRDA:123,3,1,0
BRDA:123,4,0,0
BRDA:123,4,1,0
BRDA:124,5,0,0
BRDA:124,5,1,0
BRDA:131,6,0,0
BRDA:131,6,1,0
BRDA:131,7,0,0
BRDA:131,7,1,0
BRDA:131,8,0,0
BRDA:131,8,1,0
BRDA:131,9,0,0
BRDA:131,9,1,0
BRDA:131,10,0,0
BRDA:131,10,1,0
BRDA:135,11,0,0
BRDA:135,11,1,0
BRF:24
BRH:0
end_of_record
TN:
SF:src/pages/PrescriptionPay.vue
FN:382,render
FN:385,(anonymous_1)
FN:407,(anonymous_2)
FN:415,(anonymous_3)
FN:424,(anonymous_4)
FNF:5
FNH:0
FNDA:0,render
FNDA:0,(anonymous_1)
FNDA:0,(anonymous_2)
FNDA:0,(anonymous_3)
FNDA:0,(anonymous_4)
DA:4,0
DA:5,0
DA:8,0
DA:298,0
DA:301,0
DA:302,0
DA:303,0
DA:306,0
DA:310,0
DA:313,0
DA:316,0
DA:319,0
DA:322,0
DA:331,0
DA:332,0
DA:339,0
DA:342,0
DA:345,0
DA:353,0
DA:368,0
DA:378,0
DA:379,0
DA:383,0
DA:386,0
DA:407,0
DA:415,0
DA:424,0
DA:446,0
LF:28
LH:0
BRDA:383,0,0,0
BRDA:383,0,1,0
BRDA:385,1,0,0
BRDA:385,1,1,0
BRDA:385,2,0,0
BRDA:385,2,1,0
BRDA:385,3,0,0
BRDA:385,3,1,0
BRDA:385,4,0,0
BRDA:385,4,1,0
BRDA:385,5,0,0
BRDA:385,5,1,0
BRDA:385,6,0,0
BRDA:385,6,1,0
BRDA:388,7,0,0
BRDA:388,7,1,0
BRDA:398,8,0,0
BRDA:398,8,1,0
BRDA:398,9,0,0
BRDA:398,9,1,0
BRDA:399,10,0,0
BRDA:399,10,1,0
BRDA:399,11,0,0
BRDA:399,11,1,0
BRDA:406,12,0,0
BRDA:406,12,1,0
BRDA:406,13,0,0
BRDA:406,13,1,0
BRDA:407,14,0,0
BRDA:407,14,1,0
BRDA:415,15,0,0
BRDA:415,15,1,0
BRDA:424,16,0,0
BRDA:424,16,1,0
BRDA:445,17,0,0
BRDA:445,17,1,0
BRF:36
BRH:0
end_of_record
TN:
SF:src/pages/Prescriptions.vue
FN:434,render
FN:447,(anonymous_1)
FN:461,(anonymous_2)
FN:473,(anonymous_3)
FNF:4
FNH:0
FNDA:0,render
FNDA:0,(anonymous_1)
FNDA:0,(anonymous_2)
FNDA:0,(anonymous_3)
DA:4,0
DA:5,0
DA:8,0
DA:333,0
DA:336,0
DA:337,0
DA:338,0
DA:341,0
DA:345,0
DA:349,0
DA:352,0
DA:355,0
DA:358,0
DA:361,0
DA:365,0
DA:368,0
DA:371,0
DA:374,0
DA:377,0
DA:380,0
DA:383,0
DA:386,0
DA:390,0
DA:394,0
DA:397,0
DA:400,0
DA:403,0
DA:406,0
DA:409,0
DA:412,0
DA:415,0
DA:418,0
DA:421,0
DA:424,0
DA:427,0
DA:430,0
DA:433,0
DA:435,0
DA:448,0
DA:462,0
DA:473,0
DA:487,0
LF:42
LH:0
BRDA:435,0,0,0
BRDA:435,0,1,0
BRDA:441,1,0,0
BRDA:441,1,1,0
BRDA:441,2,0,0
BRDA:441,2,1,0
BRDA:443,3,0,0
BRDA:443,3,1,0
BRDA:443,4,0,0
BRDA:443,4,1,0
BRDA:445,5,0,0
BRDA:445,5,1,0
BRDA:445,6,0,0
BRDA:445,6,1,0
BRDA:451,7,0,0
BRDA:451,7,1,0
BRDA:451,8,0,0
BRDA:451,8,1,0
BRDA:453,9,0,0
BRDA:453,9,1,0
BRDA:453,9,2,0
BRDA:453,10,0,0
BRDA:453,10,1,0
BRDA:455,11,0,0
BRDA:455,11,1,0
BRDA:457,12,0,0
BRDA:457,12,1,0
BRDA:457,13,0,0
BRDA:457,13,1,0
BRDA:459,14,0,0
BRDA:459,14,1,0
BRDA:459,15,0,0
BRDA:459,15,1,0
BRDA:459,16,0,0
BRDA:459,16,1,0
BRDA:465,17,0,0
BRDA:465,17,1,0
BRDA:467,18,0,0
BRDA:467,18,1,0
BRDA:469,19,0,0
BRDA:469,19,1,0
BRDA:474,20,0,0
BRDA:474,20,1,0
BRDA:480,21,0,0
BRDA:480,21,1,0
BRF:45
BRH:0
end_of_record
TN:
SF:src/pages/Producto.vue
FN:186,render
FN:188,(anonymous_1)
FN:191,(anonymous_2)
FN:193,(anonymous_3)
FN:202,(anonymous_4)
FNF:5
FNH:0
FNDA:0,render
FNDA:0,(anonymous_1)
FNDA:0,(anonymous_2)
FNDA:0,(anonymous_3)
FNDA:0,(anonymous_4)
DA:4,0
DA:5,0
DA:8,0
DA:150,0
DA:153,0
DA:154,0
DA:155,0
DA:158,0
DA:161,0
DA:164,0
DA:167,0
DA:171,0
DA:174,0
DA:177,0
DA:180,0
DA:183,0
DA:187,0
DA:188,0
DA:191,0
DA:194,0
DA:202,0
DA:209,0
LF:22
LH:0
BRDA:187,0,0,0
BRDA:187,0,1,0
BRDA:188,1,0,0
BRDA:188,1,1,0
BRDA:190,2,0,0
BRDA:190,2,1,0
BRDA:190,3,0,0
BRDA:190,3,1,0
BRDA:190,4,0,0
BRDA:190,4,1,0
BRDA:190,5,0,0
BRDA:190,5,1,0
BRDA:190,6,0,0
BRDA:190,6,1,0
BRDA:191,7,0,0
BRDA:191,7,1,0
BRDA:193,8,0,0
BRDA:193,8,1,0
BRDA:193,9,0,0
BRDA:193,9,1,0
BRDA:198,10,0,0
BRDA:198,10,1,0
BRDA:202,11,0,0
BRDA:202,11,1,0
BRDA:205,12,0,0
BRDA:205,12,1,0
BRDA:208,13,0,0
BRDA:208,13,1,0
BRF:28
BRH:0
end_of_record
TN:
SF:src/pages/ProductoDetalle.vue
FN:294,render
FN:316,(anonymous_1)
FN:321,(anonymous_2)
FN:328,(anonymous_3)
FN:332,(anonymous_4)
FNF:5
FNH:0
FNDA:0,render
FNDA:0,(anonymous_1)
FNDA:0,(anonymous_2)
FNDA:0,(anonymous_3)
FNDA:0,(anonymous_4)
DA:4,0
DA:5,0
DA:8,0
DA:202,0
DA:204,0
DA:207,0
DA:208,0
DA:209,0
DA:212,0
DA:216,0
DA:219,0
DA:223,0
DA:227,0
DA:230,0
DA:233,0
DA:234,0
DA:238,0
DA:241,0
DA:244,0
DA:247,0
DA:250,0
DA:253,0
DA:256,0
DA:259,0
DA:262,0
DA:265,0
DA:268,0
DA:271,0
DA:274,0
DA:277,0
DA:280,0
DA:283,0
DA:284,0
DA:285,0
DA:286,0
DA:287,0
DA:290,0
DA:295,0
DA:296,0
DA:316,0
DA:321,0
DA:328,0
DA:332,0
DA:340,0
LF:44
LH:0
BRDA:296,0,0,0
BRDA:296,0,1,0
BRDA:296,1,0,0
BRDA:296,1,1,0
BRDA:296,2,0,0
BRDA:296,2,1,0
BRDA:296,3,0,0
BRDA:296,3,1,0
BRDA:301,4,0,0
BRDA:301,4,1,0
BRDA:307,5,0,0
BRDA:307,5,1,0
BRDA:307,6,0,0
BRDA:307,6,1,0
BRDA:309,7,0,0
BRDA:309,7,1,0
BRDA:311,8,0,0
BRDA:311,8,1,0
BRDA:313,9,0,0
BRDA:313,9,1,0
BRDA:315,10,0,0
BRDA:315,10,1,0
BRDA:316,11,0,0
BRDA:316,11,1,0
BRDA:316,12,0,0
BRDA:316,12,1,0
BRDA:321,13,0,0
BRDA:321,13,1,0
BRDA:328,14,0,0
BRDA:328,14,1,0
BRDA:328,15,0,0
BRDA:328,15,1,0
BRDA:332,16,0,0
BRDA:332,16,1,0
BRDA:332,17,0,0
BRDA:332,17,1,0
BRDA:333,18,0,0
BRDA:333,18,1,0
BRDA:333,18,2,0
BRDA:333,18,3,0
BRDA:335,19,0,0
BRDA:335,19,1,0
BRDA:337,20,0,0
BRDA:337,20,1,0
BRF:44
BRH:0
end_of_record
TN:
SF:src/pages/Register.vue
FN:262,render
FN:278,(anonymous_1)
FN:287,(anonymous_2)
FN:296,(anonymous_3)
FN:305,(anonymous_4)
FN:314,(anonymous_5)
FN:323,(anonymous_6)
FN:332,(anonymous_7)
FN:340,(anonymous_8)
FNF:9
FNH:0
FNDA:0,render
FNDA:0,(anonymous_1)
FNDA:0,(anonymous_2)
FNDA:0,(anonymous_3)
FNDA:0,(anonymous_4)
FNDA:0,(anonymous_5)
FNDA:0,(anonymous_6)
FNDA:0,(anonymous_7)
FNDA:0,(anonymous_8)
DA:4,0
DA:5,0
DA:8,0
DA:201,0
DA:202,0
DA:205,0
DA:206,0
DA:207,0
DA:208,0
DA:211,0
DA:214,0
DA:217,0
DA:220,0
DA:223,0
DA:226,0
DA:229,0
DA:232,0
DA:235,0
DA:238,0
DA:241,0
DA:244,0
DA:247,0
DA:250,0
DA:253,0
DA:256,0
DA:259,0
DA:263,0
DA:278,0
DA:287,0
DA:296,0
DA:305,0
DA:314,0
DA:323,0
DA:332,0
DA:340,0
DA:353,0
LF:36
LH:0
BRDA:263,0,0,0
BRDA:263,0,1,0
BRDA:265,1,0,0
BRDA:265,1,1,0
BRDA:267,2,0,0
BRDA:267,2,1,0
BRDA:273,3,0,0
BRDA:273,3,1,0
BRDA:278,4,0,0
BRDA:278,4,1,0
BRDA:280,5,0,0
BRDA:280,5,1,0
BRDA:282,6,0,0
BRDA:282,6,1,0
BRDA:287,7,0,0
BRDA:287,7,1,0
BRDA:289,8,0,0
BRDA:289,8,1,0
BRDA:291,9,0,0
BRDA:291,9,1,0
BRDA:296,10,0,0
BRDA:296,10,1,0
BRDA:298,11,0,0
BRDA:298,11,1,0
BRDA:300,12,0,0
BRDA:300,12,1,0
BRDA:305,13,0,0
BRDA:305,13,1,0
BRDA:307,14,0,0
BRDA:307,14,1,0
BRDA:309,15,0,0
BRDA:309,15,1,0
BRDA:314,16,0,0
BRDA:314,16,1,0
BRDA:316,17,0,0
BRDA:316,17,1,0
BRDA:318,18,0,0
BRDA:318,18,1,0
BRDA:323,19,0,0
BRDA:323,19,1,0
BRDA:325,20,0,0
BRDA:325,20,1,0
BRDA:327,21,0,0
BRDA:327,21,1,0
BRDA:332,22,0,0
BRDA:332,22,1,0
BRDA:333,23,0,0
BRDA:333,23,1,0
BRDA:335,24,0,0
BRDA:335,24,1,0
BRDA:340,25,0,0
BRDA:340,25,1,0
BRDA:342,26,0,0
BRDA:342,26,1,0
BRDA:344,27,0,0
BRDA:344,27,1,0
BRDA:349,28,0,0
BRDA:349,28,1,0
BRF:58
BRH:0
end_of_record
TN:
SF:src/pages/VerificarCompra.vue
FN:1292,render
FN:1339,(anonymous_1)
FN:1345,(anonymous_2)
FN:1347,(anonymous_3)
FN:1369,(anonymous_4)
FN:1377,(anonymous_5)
FN:1390,(anonymous_6)
FN:1399,(anonymous_7)
FNF:8
FNH:0
FNDA:0,render
FNDA:0,(anonymous_1)
FNDA:0,(anonymous_2)
FNDA:0,(anonymous_3)
FNDA:0,(anonymous_4)
FNDA:0,(anonymous_5)
FNDA:0,(anonymous_6)
FNDA:0,(anonymous_7)
DA:4,0
DA:5,0
DA:8,0
DA:1009,0
DA:1012,0
DA:1013,0
DA:1014,0
DA:1017,0
DA:1021,0
DA:1025,0
DA:1028,0
DA:1032,0
DA:1035,0
DA:1038,0
DA:1041,0
DA:1044,0
DA:1047,0
DA:1050,0
DA:1053,0
DA:1056,0
DA:1059,0
DA:1062,0
DA:1065,0
DA:1068,0
DA:1071,0
DA:1074,0
DA:1077,0
DA:1080,0
DA:1084,0
DA:1087,0
DA:1090,0
DA:1094,0
DA:1098,0
DA:1101,0
DA:1104,0
DA:1105,0
DA:1108,0
DA:1111,0
DA:1114,0
DA:1117,0
DA:1120,0
DA:1124,0
DA:1127,0
DA:1130,0
DA:1133,0
DA:1136,0
DA:1139,0
DA:1143,0
DA:1146,0
DA:1149,0
DA:1152,0
DA:1153,0
DA:1157,0
DA:1160,0
DA:1163,0
DA:1166,0
DA:1169,0
DA:1172,0
DA:1175,0
DA:1178,0
DA:1181,0
DA:1184,0
DA:1187,0
DA:1190,0
DA:1193,0
DA:1197,0
DA:1200,0
DA:1203,0
DA:1207,0
DA:1210,0
DA:1213,0
DA:1214,0
DA:1218,0
DA:1222,0
DA:1225,0
DA:1229,0
DA:1232,0
DA:1235,0
DA:1238,0
DA:1241,0
DA:1244,0
DA:1248,0
DA:1251,0
DA:1255,0
DA:1258,0
DA:1261,0
DA:1265,0
DA:1268,0
DA:1271,0
DA:1274,0
DA:1278,0
DA:1281,0
DA:1282,0
DA:1286,0
DA:1289,0
DA:1293,0
DA:1340,0
DA:1345,0
DA:1348,0
DA:1369,0
DA:1377,0
DA:1390,0
DA:1399,0
DA:1462,0
LF:104
LH:0
BRDA:1293,0,0,0
BRDA:1293,0,1,0
BRDA:1299,1,0,0
BRDA:1299,1,1,0
BRDA:1299,2,0,0
BRDA:1299,2,1,0
BRDA:1301,3,0,0
BRDA:1301,3,1,0
BRDA:1301,4,0,0
BRDA:1301,4,1,0
BRDA:1301,5,0,0
BRDA:1301,5,1,0
BRDA:1303,6,0,0
BRDA:1303,6,1,0
BRDA:1305,7,0,0
BRDA:1305,7,1,0
BRDA:1307,8,0,0
BRDA:1307,8,1,0
BRDA:1309,9,0,0
BRDA:1309,9,1,0
BRDA:1316,10,0,0
BRDA:1316,10,1,0
BRDA:1316,11,0,0
BRDA:1316,11,1,0
BRDA:1316,12,0,0
BRDA:1316,12,1,0
BRDA:1316,13,0,0
BRDA:1316,13,1,0
BRDA:1316,14,0,0
BRDA:1316,14,1,0
BRDA:1316,15,0,0
BRDA:1316,15,1,0
BRDA:1316,16,0,0
BRDA:1316,16,1,0
BRDA:1318,17,0,0
BRDA:1318,17,1,0
BRDA:1318,18,0,0
BRDA:1318,18,1,0
BRDA:1318,19,0,0
BRDA:1318,19,1,0
BRDA:1321,20,0,0
BRDA:1321,20,1,0
BRDA:1323,21,0,0
BRDA:1323,21,1,0
BRDA:1337,22,0,0
BRDA:1337,22,1,0
BRDA:1343,23,0,0
BRDA:1343,23,1,0
BRDA:1347,24,0,0
BRDA:1347,24,1,0
BRDA:1347,25,0,0
BRDA:1347,25,1,0
BRDA:1347,26,0,0
BRDA:1347,26,1,0
BRDA:1347,27,0,0
BRDA:1347,27,1,0
BRDA:1347,28,0,0
BRDA:1347,28,1,0
BRDA:1347,29,0,0
BRDA:1347,29,1,0
BRDA:1347,30,0,0
BRDA:1347,30,1,0
BRDA:1347,31,0,0
BRDA:1347,31,1,0
BRDA:1351,32,0,0
BRDA:1351,32,1,0
BRDA:1353,33,0,0
BRDA:1353,33,1,0
BRDA:1353,34,0,0
BRDA:1353,34,1,0
BRDA:1353,35,0,0
BRDA:1353,35,1,0
BRDA:1353,36,0,0
BRDA:1353,36,1,0
BRDA:1353,37,0,0
BRDA:1353,37,1,0
BRDA:1353,38,0,0
BRDA:1353,38,1,0
BRDA:1358,39,0,0
BRDA:1358,39,1,0
BRDA:1358,40,0,0
BRDA:1358,40,1,0
BRDA:1364,41,0,0
BRDA:1364,41,1,0
BRDA:1364,42,0,0
BRDA:1364,42,1,0
BRDA:1364,43,0,0
BRDA:1364,43,1,0
BRDA:1364,44,0,0
BRDA:1364,44,1,0
BRDA:1364,45,0,0
BRDA:1364,45,1,0
BRDA:1369,46,0,0
BRDA:1369,46,1,0
BRDA:1372,47,0,0
BRDA:1372,47,1,0
BRDA:1377,48,0,0
BRDA:1377,48,1,0
BRDA:1381,49,0,0
BRDA:1381,49,1,0
BRDA:1385,50,0,0
BRDA:1385,50,1,0
BRDA:1390,51,0,0
BRDA:1390,51,1,0
BRDA:1394,52,0,0
BRDA:1394,52,1,0
BRDA:1399,53,0,0
BRDA:1399,53,1,0
BRDA:1403,54,0,0
BRDA:1403,54,1,0
BRDA:1408,55,0,0
BRDA:1408,55,1,0
BRDA:1409,56,0,0
BRDA:1409,56,1,0
BRDA:1409,57,0,0
BRDA:1409,57,1,0
BRDA:1415,58,0,0
BRDA:1415,58,1,0
BRDA:1416,59,0,0
BRDA:1416,59,1,0
BRDA:1416,60,0,0
BRDA:1416,60,1,0
BRDA:1422,61,0,0
BRDA:1422,61,1,0
BRDA:1423,62,0,0
BRDA:1423,62,1,0
BRDA:1423,63,0,0
BRDA:1423,63,1,0
BRDA:1423,64,0,0
BRDA:1423,64,1,0
BRDA:1423,65,0,0
BRDA:1423,65,1,0
BRDA:1423,66,0,0
BRDA:1423,66,1,0
BRDA:1433,67,0,0
BRDA:1433,67,1,0
BRDA:1433,68,0,0
BRDA:1433,68,1,0
BRDA:1436,69,0,0
BRDA:1436,69,1,0
BRDA:1438,70,0,0
BRDA:1438,70,1,0
BRDA:1441,71,0,0
BRDA:1441,71,1,0
BRDA:1441,72,0,0
BRDA:1441,72,1,0
BRDA:1441,73,0,0
BRDA:1441,73,1,0
BRDA:1441,74,0,0
BRDA:1441,74,1,0
BRDA:1441,75,0,0
BRDA:1441,75,1,0
BRDA:1441,76,0,0
BRDA:1441,76,1,0
BRDA:1441,77,0,0
BRDA:1441,77,1,0
BRDA:1441,78,0,0
BRDA:1441,78,1,0
BRDA:1441,79,0,0
BRDA:1441,79,1,0
BRDA:1441,80,0,0
BRDA:1441,80,1,0
BRDA:1441,81,0,0
BRDA:1441,81,1,0
BRDA:1441,82,0,0
BRDA:1441,82,1,0
BRDA:1441,83,0,0
BRDA:1441,83,1,0
BRDA:1441,84,0,0
BRDA:1441,84,1,0
BRDA:1441,85,0,0
BRDA:1441,85,1,0
BRDA:1441,86,0,0
BRDA:1441,86,1,0
BRDA:1441,87,0,0
BRDA:1441,87,1,0
BRDA:1441,88,0,0
BRDA:1441,88,1,0
BRDA:1441,89,0,0
BRDA:1441,89,1,0
BRDA:1441,90,0,0
BRDA:1441,90,1,0
BRDA:1441,91,0,0
BRDA:1441,91,1,0
BRDA:1441,92,0,0
BRDA:1441,92,1,0
BRDA:1445,93,0,0
BRDA:1445,93,1,0
BRDA:1445,94,0,0
BRDA:1445,94,1,0
BRDA:1445,95,0,0
BRDA:1445,95,1,0
BRDA:1446,96,0,0
BRDA:1446,96,1,0
BRDA:1447,97,0,0
BRDA:1447,97,1,0
BRDA:1447,98,0,0
BRDA:1447,98,1,0
BRDA:1447,99,0,0
BRDA:1447,99,1,0
BRDA:1447,100,0,0
BRDA:1447,100,1,0
BRDA:1448,101,0,0
BRDA:1448,101,1,0
BRDA:1449,102,0,0
BRDA:1449,102,1,0
BRDA:1449,103,0,0
BRDA:1449,103,1,0
BRDA:1449,104,0,0
BRDA:1449,104,1,0
BRDA:1450,105,0,0
BRDA:1450,105,1,0
BRDA:1451,106,0,0
BRDA:1451,106,1,0
BRDA:1451,107,0,0
BRDA:1451,107,1,0
BRDA:1458,108,0,0
BRDA:1458,108,1,0
BRDA:1458,109,0,0
BRDA:1458,109,1,0
BRDA:1458,110,0,0
BRDA:1458,110,1,0
BRDA:1458,111,0,0
BRDA:1458,111,1,0
BRDA:1458,112,0,0
BRDA:1458,112,1,0
BRDA:1458,113,0,0
BRDA:1458,113,1,0
BRF:228
BRH:0
end_of_record
TN:
SF:src/router/index.js
FN:68,(anonymous_0)
FN:69,(anonymous_1)
FN:70,(anonymous_2)
FNF:3
FNH:0
FNDA:0,(anonymous_0)
FNDA:0,(anonymous_1)
FNDA:0,(anonymous_2)
DA:20,0
DA:43,0
DA:58,0
DA:63,0
DA:68,0
DA:69,0
DA:70,0
DA:73,0
DA:74,0
DA:77,0
DA:78,0
DA:81,0
DA:82,0
DA:83,0
DA:87,0
DA:89,0
DA:90,0
DA:91,0
DA:92,0
DA:96,0
DA:97,0
DA:98,0
DA:99,0
DA:100,0
DA:101,0
DA:106,0
DA:107,0
DA:108,0
DA:109,0
DA:110,0
DA:111,0
DA:115,0
DA:119,0
DA:120,0
DA:124,0
DA:125,0
DA:126,0
DA:130,0
LF:38
LH:0
BRDA:77,0,0,0
BRDA:77,0,1,0
BRDA:81,1,0,0
BRDA:81,1,1,0
BRDA:81,2,0,0
BRDA:81,2,1,0
BRDA:90,3,0,0
BRDA:90,3,1,0
BRDA:97,4,0,0
BRDA:97,4,1,0
BRDA:99,5,0,0
BRDA:99,5,1,0
BRDA:107,6,0,0
BRDA:107,6,1,0
BRDA:109,7,0,0
BRDA:109,7,1,0
BRDA:124,8,0,0
BRDA:124,8,1,0
BRDA:124,9,0,0
BRDA:124,9,1,0
BRF:20
BRH:0
end_of_record
TN:
SF:src/services/ApiService.js
FN:21,(anonymous_0)
FN:34,(anonymous_1)
FN:53,(anonymous_2)
FN:67,(anonymous_3)
FNF:4
FNH:0
FNDA:0,(anonymous_0)
FNDA:0,(anonymous_1)
FNDA:0,(anonymous_2)
FNDA:0,(anonymous_3)
DA:6,0
DA:9,0
DA:15,0
DA:21,0
DA:22,0
DA:23,0
DA:26,0
DA:28,0
DA:34,0
DA:35,0
DA:36,0
DA:37,0
DA:38,0
DA:39,0
DA:40,0
DA:42,0
DA:53,0
DA:55,0
DA:58,0
DA:67,0
DA:69,0
DA:72,0
LF:22
LH:0
BRDA:6,0,0,0
BRDA:6,0,1,0
BRDA:6,0,2,0
BRDA:22,1,0,0
BRDA:22,1,1,0
BRDA:23,2,0,0
BRDA:23,2,1,0
BRDA:36,3,0,0
BRDA:36,3,1,0
BRDA:55,4,0,0
BRDA:55,4,1,0
BRDA:69,5,0,0
BRDA:69,5,1,0
BRF:13
BRH:0
end_of_record
TN:
SF:src/services/PrescriptionService.js
FN:9,(anonymous_0)
FN:23,(anonymous_1)
FN:37,(anonymous_2)
FN:51,(anonymous_3)
FN:67,(anonymous_4)
FN:82,(anonymous_5)
FN:101,(anonymous_6)
FN:117,(anonymous_7)
FN:132,(anonymous_8)
FNF:9
FNH:0
FNDA:0,(anonymous_0)
FNDA:0,(anonymous_1)
FNDA:0,(anonymous_2)
FNDA:0,(anonymous_3)
FNDA:0,(anonymous_4)
FNDA:0,(anonymous_5)
FNDA:0,(anonymous_6)
FNDA:0,(anonymous_7)
FNDA:0,(anonymous_8)
DA:10,0
DA:11,0
DA:12,0
DA:14,0
DA:15,0
DA:24,0
DA:25,0
DA:26,0
DA:28,0
DA:29,0
DA:38,0
DA:39,0
DA:40,0
DA:42,0
DA:43,0
DA:52,0
DA:53,0
DA:56,0
DA:58,0
DA:59,0
DA:68,0
DA:69,0
DA:70,0
DA:72,0
DA:73,0
DA:83,0
DA:84,0
DA:90,0
DA:92,0
DA:93,0
DA:102,0
DA:103,0
DA:106,0
DA:108,0
DA:109,0
DA:118,0
DA:119,0
DA:120,0
DA:122,0
DA:123,0
DA:133,0
DA:134,0
DA:140,0
DA:142,0
DA:143,0
LF:45
LH:0
BRDA:51,0,0,0
BRF:1
BRH:0
end_of_record
TN:
SF:src/services/authService.js
FN:5,(anonymous_0)
FN:28,(anonymous_1)
FN:32,(anonymous_2)
FNF:3
FNH:0
FNDA:0,(anonymous_0)
FNDA:0,(anonymous_1)
FNDA:0,(anonymous_2)
DA:4,0
DA:6,0
DA:14,0
DA:15,0
DA:18,0
DA:21,0
DA:22,0
DA:25,0
DA:29,0
DA:33,0
LF:10
LH:0
BRDA:14,0,0,0
BRDA:14,0,1,0
BRDA:21,1,0,0
BRDA:21,1,1,0
BRF:4
BRH:0
end_of_record
TN:
SF:src/stores/userStore.js
FN:5,(anonymous_0)
FN:10,(anonymous_1)
FN:28,(anonymous_2)
FN:60,(anonymous_3)
FN:66,(anonymous_4)
FNF:5
FNH:0
FNDA:0,(anonymous_0)
FNDA:0,(anonymous_1)
FNDA:0,(anonymous_2)
FNDA:0,(anonymous_3)
FNDA:0,(anonymous_4)
DA:4,0
DA:5,0
DA:11,0
DA:12,0
DA:13,0
DA:14,0
DA:15,0
DA:16,0
DA:18,0
DA:19,0
DA:23,0
DA:30,0
DA:31,0
DA:35,0
DA:36,0
DA:37,0
DA:38,0
DA:40,0
DA:41,0
DA:45,0
DA:46,0
DA:47,0
DA:49,0
DA:50,0
DA:53,0
DA:56,0
DA:61,0
DA:62,0
DA:67,0
DA:69,0
DA:70,0
DA:71,0
DA:72,0
DA:73,0
LF:34
LH:0
BRDA:14,0,0,0
BRDA:14,0,1,0
BRDA:18,1,0,0
BRDA:18,1,1,0
BRDA:18,2,0,0
BRDA:18,2,1,0
BRDA:30,3,0,0
BRDA:30,3,1,0
BRDA:37,4,0,0
BRDA:37,4,1,0
BRDA:37,5,0,0
BRDA:37,5,1,0
BRDA:37,5,2,0
BRDA:46,6,0,0
BRDA:46,6,1,0
BRDA:46,7,0,0
BRDA:46,7,1,0
BRDA:46,7,2,0
BRDA:62,8,0,0
BRDA:62,8,1,0
BRDA:69,9,0,0
BRDA:69,9,1,0
BRF:22
BRH:0
end_of_record
TN:
SF:src/views/ProcessPrescription.vue
FN:277,render
FN:287,(anonymous_1)
FN:291,(anonymous_2)
FN:297,(anonymous_3)
FN:307,(anonymous_4)
FN:315,(anonymous_5)
FN:323,(anonymous_6)
FN:331,(anonymous_7)
FN:340,(anonymous_8)
FN:345,(anonymous_9)
FN:350,(anonymous_10)
FN:354,(anonymous_11)
FN:358,(anonymous_12)
FN:362,(anonymous_13)
FNF:14
FNH:0
FNDA:0,render
FNDA:0,(anonymous_1)
FNDA:0,(anonymous_2)
FNDA:0,(anonymous_3)
FNDA:0,(anonymous_4)
FNDA:0,(anonymous_5)
FNDA:0,(anonymous_6)
FNDA:0,(anonymous_7)
FNDA:0,(anonymous_8)
FNDA:0,(anonymous_9)
FNDA:0,(anonymous_10)
FNDA:0,(anonymous_11)
FNDA:0,(anonymous_12)
FNDA:0,(anonymous_13)
DA:4,0
DA:5,0
DA:8,0
DA:138,0
DA:140,0
DA:143,0
DA:144,0
DA:145,0
DA:148,0
DA:152,0
DA:155,0
DA:158,0
DA:161,0
DA:162,0
DA:165,0
DA:166,0
DA:172,0
DA:176,0
DA:180,0
DA:183,0
DA:186,0
DA:189,0
DA:192,0
DA:195,0
DA:198,0
DA:201,0
DA:204,0
DA:208,0
DA:212,0
DA:215,0
DA:218,0
DA:221,0
DA:224,0
DA:225,0
DA:226,0
DA:229,0
DA:230,0
DA:231,0
DA:234,0
DA:235,0
DA:236,0
DA:239,0
DA:240,0
DA:241,0
DA:244,0
DA:247,0
DA:248,0
DA:249,0
DA:252,0
DA:253,0
DA:256,0
DA:259,0
DA:263,0
DA:266,0
DA:267,0
DA:273,0
DA:278,0
DA:287,0
DA:291,0
DA:298,0
DA:307,0
DA:315,0
DA:323,0
DA:331,0
DA:340,0
DA:345,0
DA:350,0
DA:354,0
DA:358,0
DA:362,0
DA:364,0
LF:71
LH:0
BRDA:278,0,0,0
BRDA:278,0,1,0
BRDA:278,1,0,0
BRDA:278,1,1,0
BRDA:278,2,0,0
BRDA:278,2,1,0
BRDA:280,3,0,0
BRDA:280,3,1,0
BRDA:287,4,0,0
BRDA:287,4,1,0
BRDA:291,5,0,0
BRDA:291,5,1,0
BRDA:291,6,0,0
BRDA:291,6,1,0
BRDA:292,7,0,0
BRDA:292,7,1,0
BRDA:293,8,0,0
BRDA:293,8,1,0
BRDA:293,9,0,0
BRDA:293,9,1,0
BRDA:293,10,0,0
BRDA:293,10,1,0
BRDA:293,11,0,0
BRDA:293,11,1,0
BRDA:293,12,0,0
BRDA:293,12,1,0
BRDA:293,13,0,0
BRDA:293,13,1,0
BRDA:295,14,0,0
BRDA:295,14,1,0
BRDA:295,15,0,0
BRDA:295,15,1,0
BRDA:295,16,0,0
BRDA:295,16,1,0
BRDA:295,17,0,0
BRDA:295,17,1,0
BRDA:295,18,0,0
BRDA:295,18,1,0
BRDA:295,19,0,0
BRDA:295,19,1,0
BRDA:295,20,0,0
BRDA:295,20,1,0
BRDA:295,21,0,0
BRDA:295,21,1,0
BRDA:295,22,0,0
BRDA:295,22,1,0
BRDA:295,23,0,0
BRDA:295,23,1,0
BRDA:295,24,0,0
BRDA:295,24,1,0
BRDA:297,25,0,0
BRDA:297,25,1,0
BRDA:297,26,0,0
BRDA:297,26,1,0
BRDA:297,27,0,0
BRDA:297,27,1,0
BRDA:297,28,0,0
BRDA:297,28,1,0
BRDA:297,29,0,0
BRDA:297,29,1,0
BRDA:346,30,0,0
BRDA:346,30,1,0
BRDA:350,31,0,0
BRDA:350,31,1,0
BRDA:350,32,0,0
BRDA:350,32,1,0
BRDA:351,33,0,0
BRDA:351,33,1,0
BRDA:354,34,0,0
BRDA:354,34,1,0
BRDA:354,35,0,0
BRDA:354,35,1,0
BRDA:358,36,0,0
BRDA:358,36,1,0
BRDA:358,37,0,0
BRDA:358,37,1,0
BRDA:359,38,0,0
BRDA:359,38,1,0
BRDA:359,38,2,0
BRDA:360,39,0,0
BRDA:360,39,1,0
BRDA:360,40,0,0
BRDA:360,40,1,0
BRDA:360,41,0,0
BRDA:360,41,1,0
BRDA:360,42,0,0
BRDA:360,42,1,0
BRDA:360,43,0,0
BRDA:360,43,1,0
BRDA:360,44,0,0
BRDA:360,44,1,0
BRDA:362,45,0,0
BRDA:362,45,1,0
BRDA:362,46,0,0
BRDA:362,46,1,0
BRF:95
BRH:0
end_of_record
